<?xml version="1.0" encoding="UTF-8"?>
<!-- Generated by org.testng.reporters.JUnitXMLReporter -->
<testsuite hostname="LMCTag005" ignored="2" name="name" tests="6" failures="0" timestamp="04 Aug 2020 05:12:53 GMT" time="56.97" errors="0">
  <testcase name="clickOnGetStarted" time="25.31" classname="com.Classes.SelectAMealPlanWithNewMeals"/>
  <testcase name="chooseAMealPlan" time="0.799" classname="com.Classes.SelectAMealPlanWithNewMeals"/>
  <testcase name="selectTheMeals" time="11.505" classname="com.Classes.SelectAMealPlanWithNewMeals"/>
  <testcase name="loginAfterSelectingTheMeals" time="7.647" classname="com.Classes.SelectAMealPlanWithNewMeals"/>
  <testcase name="selectTheAddressByDeafult" time="5.252" classname="com.Classes.SelectAMealPlanWithNewMeals"/>
  <testcase name="selectTheCardByDefault" time="6.398" classname="com.Classes.SelectAMealPlanWithNewMeals"/>
  <testcase name="clickOnAddNewAndEnterTheCardDetailsForPayment" time="0.0" classname="com.Classes.SelectAMealPlanWithNewMeals">
    <ignored/>
  </testcase> <!-- clickOnAddNewAndEnterTheCardDetailsForPayment -->
  <testcase name="enterTheDeliveryAddress" time="0.0" classname="com.Classes.SelectAMealPlanWithNewMeals">
    <ignored/>
  </testcase> <!-- enterTheDeliveryAddress -->
</testsuite> <!-- name -->
