<?xml version="1.0" encoding="UTF-8"?>
<testng-results skipped="0" failed="0" ignored="2" total="8" passed="6">
  <reporter-output>
  </reporter-output>
  <suite name="Suite1" duration-ms="56970" started-at="2020-08-04T05:11:56Z" finished-at="2020-08-04T05:12:53Z">
    <groups>
    </groups>
    <test name="name" duration-ms="56970" started-at="2020-08-04T05:11:56Z" finished-at="2020-08-04T05:12:53Z">
      <class name="com.Classes.SelectAMealPlanWithNewMeals">
        <test-method status="PASS" signature="clickOnGetStarted(java.lang.String)[pri:0, instance:com.Classes.SelectAMealPlanWithNewMeals@27f981c6]" name="clickOnGetStarted" duration-ms="25310" started-at="2020-08-04T05:11:56Z" finished-at="2020-08-04T05:12:21Z">
          <params>
            <param index="0">
              <value>
                <![CDATA[http://qa.alliumdirect.com/]]>
              </value>
            </param>
          </params>
          <reporter-output>
          </reporter-output>
        </test-method> <!-- clickOnGetStarted -->
        <test-method status="PASS" signature="chooseAMealPlan(java.lang.String)[pri:0, instance:com.Classes.SelectAMealPlanWithNewMeals@27f981c6]" name="chooseAMealPlan" duration-ms="799" started-at="2020-08-04T05:12:21Z" depends-on-methods="com.Classes.SelectAMealPlanWithNewMeals.clickOnGetStarted" finished-at="2020-08-04T05:12:22Z">
          <params>
            <param index="0">
              <value>
                <![CDATA[12]]>
              </value>
            </param>
          </params>
          <reporter-output>
          </reporter-output>
        </test-method> <!-- chooseAMealPlan -->
        <test-method status="PASS" signature="selectTheMeals(java.lang.String)[pri:0, instance:com.Classes.SelectAMealPlanWithNewMeals@27f981c6]" name="selectTheMeals" duration-ms="11505" started-at="2020-08-04T05:12:22Z" depends-on-methods="com.Classes.SelectAMealPlanWithNewMeals.chooseAMealPlan" finished-at="2020-08-04T05:12:33Z">
          <params>
            <param index="0">
              <value>
                <![CDATA[12]]>
              </value>
            </param>
          </params>
          <reporter-output>
          </reporter-output>
        </test-method> <!-- selectTheMeals -->
        <test-method status="PASS" signature="loginAfterSelectingTheMeals(java.lang.String, java.lang.String)[pri:0, instance:com.Classes.SelectAMealPlanWithNewMeals@27f981c6]" name="loginAfterSelectingTheMeals" duration-ms="7647" started-at="2020-08-04T05:12:33Z" depends-on-methods="com.Classes.SelectAMealPlanWithNewMeals.selectTheMeals" finished-at="2020-08-04T05:12:41Z">
          <params>
            <param index="0">
              <value>
                <![CDATA[vinithk805@gmail.com]]>
              </value>
            </param>
            <param index="1">
              <value>
                <![CDATA[Vinith6@]]>
              </value>
            </param>
          </params>
          <reporter-output>
          </reporter-output>
        </test-method> <!-- loginAfterSelectingTheMeals -->
        <test-method status="PASS" signature="selectTheAddressByDeafult(java.lang.String)[pri:0, instance:com.Classes.SelectAMealPlanWithNewMeals@27f981c6]" name="selectTheAddressByDeafult" duration-ms="5252" started-at="2020-08-04T05:12:41Z" depends-on-methods="com.Classes.SelectAMealPlanWithNewMeals.loginAfterSelectingTheMeals" finished-at="2020-08-04T05:12:46Z">
          <params>
            <param index="0">
              <value>
                <![CDATA[5478963210]]>
              </value>
            </param>
          </params>
          <reporter-output>
          </reporter-output>
        </test-method> <!-- selectTheAddressByDeafult -->
        <test-method status="PASS" signature="selectTheCardByDefault(java.lang.String)[pri:0, instance:com.Classes.SelectAMealPlanWithNewMeals@27f981c6]" name="selectTheCardByDefault" duration-ms="6398" started-at="2020-08-04T05:12:46Z" depends-on-methods="com.Classes.SelectAMealPlanWithNewMeals.selectTheAddressByDeafult" finished-at="2020-08-04T05:12:53Z">
          <params>
            <param index="0">
              <value>
                <![CDATA[9424]]>
              </value>
            </param>
          </params>
          <reporter-output>
          </reporter-output>
        </test-method> <!-- selectTheCardByDefault -->
      </class> <!-- com.Classes.SelectAMealPlanWithNewMeals -->
    </test> <!-- name -->
  </suite> <!-- Suite1 -->
</testng-results>
